<?xml version="1.0" encoding="UTF-8"?>
<!-- Generated by org.testng.reporters.JUnitReportReporter -->
<testsuite hostname="CRAZYFAIS" failures="0" tests="1" name="testCases.TC_02Login" time="7.486" errors="0" timestamp="2023-12-10T16:40:30 IST" skipped="0">
  <testcase classname="testCases.TC_02Login" name="testLogin" time="7.486"/>
  <system-out/>
</testsuite> <!-- testCases.TC_02Login -->
