<?xml version="1.0" encoding="UTF-8"?>
<!-- Generated by org.testng.reporters.JUnitReportReporter -->
<testsuite hostname="CRAZYFAIS" failures="0" tests="1" name="testCases.TC_02Login" time="8.127" errors="0" timestamp="2023-12-10T17:08:57 IST" skipped="0">
  <testcase classname="testCases.TC_02Login" name="testLogin" time="8.127"/>
</testsuite> <!-- testCases.TC_02Login -->
